\BOOKMARK [0][-]{chapter.1}{Introduction}{}% 1
\BOOKMARK [1][-]{section.1.1}{Problem description}{chapter.1}% 2
\BOOKMARK [1][-]{section.1.2}{Objectives}{chapter.1}% 3
\BOOKMARK [1][-]{section.1.3}{Methods}{chapter.1}% 4
\BOOKMARK [2][-]{subsection.1.3.1}{Tools}{section.1.3}% 5
\BOOKMARK [0][-]{chapter.2}{Methodology}{}% 6
\BOOKMARK [1][-]{section.2.1}{52North application}{chapter.2}% 7
\BOOKMARK [2][-]{subsection.2.1.1}{Database model}{section.2.1}% 8
\BOOKMARK [2][-]{subsection.2.1.2}{Client}{section.2.1}% 9
\BOOKMARK [0][-]{chapter.3}{Implementation}{}% 10
\BOOKMARK [1][-]{section.3.1}{Preprocessing \(of the wifilog data\)}{chapter.3}% 11
\BOOKMARK [1][-]{section.3.2}{Filling the tables}{chapter.3}% 12
\BOOKMARK [2][-]{subsection.3.2.1}{'Simple' tables}{section.3.2}% 13
\BOOKMARK [2][-]{subsection.3.2.2}{FeatureOfInterest}{section.3.2}% 14
\BOOKMARK [2][-]{subsection.3.2.3}{Series}{section.3.2}% 15
\BOOKMARK [2][-]{subsection.3.2.4}{Observation}{section.3.2}% 16
\BOOKMARK [2][-]{subsection.3.2.5}{ComplexValue}{section.3.2}% 17
\BOOKMARK [0][-]{chapter.4}{Results}{}% 18
\BOOKMARK [0][-]{chapter.5}{Conclusions and recommendations}{}% 19
\BOOKMARK [1][-]{section.5.1}{Conclusions}{chapter.5}% 20
\BOOKMARK [1][-]{section.5.2}{Recommendations}{chapter.5}% 21
